<?xml version="1.0" encoding="UTF-8"?>
<!-- Generated by org.testng.reporters.JUnitReportReporter -->
<testsuite hostname="Admin" name="cz.muni.fi.pb138.jaro2017.task1.Task1Test" tests="2" failures="0" timestamp="18 Mar 2017 10:44:25 GMT" time="0.141" errors="0">
  <testcase name="testAddNote" time="0.110" classname="cz.muni.fi.pb138.jaro2017.task1.Task1Test"/>
  <testcase name="testAverageSalaryAtPosition" time="0.031" classname="cz.muni.fi.pb138.jaro2017.task1.Task1Test"/>
</testsuite> <!-- cz.muni.fi.pb138.jaro2017.task1.Task1Test -->
